<?xml version="1.0" encoding="utf-8"?><testsuites name="pytest tests"><testsuite name="pytest" errors="0" failures="0" skipped="3" tests="239" time="44.841" timestamp="2026-09-04T07:41:10.918269+00:00" hostname="agent-env-0684c950-a95c-4a06-af84-7f533dab75be"><testcase classname="tests.test_blog_admin.TestHealthCheck" name="test_health_endpoint" time="0.138" /><testcase classname="tests.test_blog_admin.TestAuthentication" name="test_login_success" time="0.375" /><testcase classname="tests.test_blog_admin.TestAuthentication" name="test_login_invalid_credentials" time="0.115" /><testcase classname="tests.test_blog_admin.TestAuthentication" name="test_login_wrong_password" time="0.318" /><testcase classname="tests.test_blog_admin.TestBlogCRUD" name="test_get_posts_public" time="0.350" /><testcase classname="tests.test_blog_admin.TestBlogCRUD" name="test_get_all_posts_authenticated" time="0.610" /><testcase classname="tests.test_blog_admin.TestBlogCRUD" name="test_create_blog_post" time="0.437" /><testcase classname="tests.test_blog_admin.TestBlogCRUD" name="test_create_and_verify_post_persistence" time="0.657" /><testcase classname="tests.test_blog_admin.TestBlogCRUD" name="test_update_blog_post" time="0.733" /><testcase classname="tests.test_blog_admin.TestBlogCRUD" name="test_delete_blog_post" time="0.700" /><testcase classname="tests.test_blog_admin.TestBlogCRUD" name="test_duplicate_slug_rejected" time="0.704" /><testcase classname="tests.test_blog_admin.TestBlogCRUD" name="test_unauthorized_create_rejected" time="0.155" /><testcase classname="tests.test_blog_admin.TestContactForm" name="test_submit_contact_form" time="0.130" /><testcase classname="tests.test_blog_admin.TestContactForm" name="test_contact_form_missing_fields" time="0.092" /><testcase classname="tests.test_blog_admin.TestCleanup" name="test_cleanup_test_posts" time="0.762" /><testcase classname="tests.test_image_upload.TestAuthentication" name="test_login_success" time="0.351" /><testcase classname="tests.test_image_upload.TestImageUpload" name="test_upload_png_image" time="0.485" /><testcase classname="tests.test_image_upload.TestImageUpload" name="test_upload_jpeg_image" time="0.461" /><testcase classname="tests.test_image_upload.TestImageUpload" name="test_upload_invalid_file_type" time="0.452" /><testcase classname="tests.test_image_upload.TestImageUpload" name="test_upload_without_auth" time="0.108" /><testcase classname="tests.test_image_upload.TestBlogPostWithBase64Image" name="test_create_post_with_base64_image" time="0.843" /><testcase classname="tests.test_image_upload.TestBlogPostWithBase64Image" name="test_get_posts_with_base64_images" time="0.730" /><testcase classname="tests.test_image_upload.TestCleanup" name="test_cleanup_test_posts" time="0.667" /><testcase classname="tests.test_seo_iter10.TestSEOJsxCompiles" name="test_babel_parses_seo_jsx" time="0.042" /><testcase classname="tests.test_seo_iter10.TestSEOJsxCompiles" name="test_cra_build_compiles" time="0.000"><skipped type="pytest.skip" message="set RUN_FRONTEND_BUILD=1 to run the ~30s CRA build">/app/backend/tests/test_seo_iter10.py:85: set RUN_FRONTEND_BUILD=1 to run the ~30s CRA build</skipped></testcase><testcase classname="tests.test_seo_iter10.TestSEOJsxCompiles" name="test_no_jsx_comments_outside_return" time="0.000" /><testcase classname="tests.test_seo_iter10.TestSEOJsxCompiles" name="test_eslint_clean_on_seo_jsx" time="0.433"><skipped type="pytest.skip" message="standalone eslint not configured for CRA project: &#10;Oops! Something went wrong! :(&#10;&#10;ESLint: 9.23.0&#10;&#10;ESLint couldn't find an eslint.config.(js|mjs|cjs) file.&#10;&#10;From ESLint v">/app/backend/tests/test_seo_iter10.py:112: standalone eslint not configured for CRA project: 
Oops! Something went wrong! :(

ESLint: 9.23.0

ESLint couldn't find an eslint.config.(js|mjs|cjs) file.

From ESLint v</skipped></testcase><testcase classname="tests.test_seo_iter10.TestSitemapSimplified" name="test_url_count_and_structure" time="0.115" /><testcase classname="tests.test_seo_iter10.TestSitemapSimplified" name="test_zero_changefreq_and_priority" time="0.000" /><testcase classname="tests.test_seo_iter10.TestSitemapLastmod" name="test_blog_lastmod_matches_post_dates" time="0.267" /><testcase classname="tests.test_seo_iter10.TestSitemapLastmod" name="test_blog_lastmods_not_all_identical" time="0.000" /><testcase classname="tests.test_seo_iter10.TestSitemapLastmod" name="test_static_lastmod_equals_seo_prerender_mtime" time="0.000" /><testcase classname="tests.test_seo_iter10.TestSitemapRootAlias" name="test_root_alias_matches_api" time="0.008" /><testcase classname="tests.test_seo_iter10.TestSitemapRootAlias" name="test_build_sitemap_snapshot_shape" time="0.000" /><testcase classname="tests.test_seo_iter10.TestBlogDiscovery" name="test_latest_posts_heading" time="0.136" /><testcase classname="tests.test_seo_iter10.TestBlogDiscovery" name="test_anchors_inside_prerender_main" time="0.000" /><testcase classname="tests.test_seo_iter10.TestBlogDiscovery" name="test_every_post_has_anchor" time="0.000" /><testcase classname="tests.test_seo_iter10.TestBlogDiscovery" name="test_no_broken_anchor_slugs" time="0.000" /><testcase classname="tests.test_seo_iter10.TestBlogDiscovery" name="test_anchor_slug_prerenders_ok" time="0.097" /><testcase classname="tests.test_seo_iter10.TestPrerenderRegression" name="test_static_route_metadata[/]" time="0.093" /><testcase classname="tests.test_seo_iter10.TestPrerenderRegression" name="test_static_route_metadata[/solutions/business-apps]" time="0.136" /><testcase classname="tests.test_seo_iter10.TestPrerenderRegression" name="test_static_route_metadata[/brands/roomz]" time="0.132" /><testcase classname="tests.test_seo_iter10.TestPrerenderRegression" name="test_blog_post_metadata" time="0.115" /><testcase classname="tests.test_seo_iter10.TestPrerenderRegression" name="test_routes_endpoint_counts" time="0.130" /><testcase classname="tests.test_seo_iter10.TestPrerenderRegression" name="test_brand_jsonld" time="0.192" /><testcase classname="tests.test_seo_iter10.TestPrerenderRegression" name="test_www_to_apex_301" time="0.003" /><testcase classname="tests.test_seo_iter9.TestWwwRedirect" name="test_www_host_redirects_301_to_apex" time="0.001" /><testcase classname="tests.test_seo_iter9.TestWwwRedirect" name="test_www_preserves_query_string" time="0.001" /><testcase classname="tests.test_seo_iter9.TestWwwRedirect" name="test_www_uses_x_forwarded_proto_https" time="0.001" /><testcase classname="tests.test_seo_iter9.TestWwwRedirect" name="test_apex_host_not_redirected" time="0.002" /><testcase classname="tests.test_seo_iter9.TestWwwRedirect" name="test_default_host_not_redirected" time="0.001" /><testcase classname="tests.test_seo_iter9.TestSitemapRootAlias" name="test_root_sitemap_xml_serves_200" time="0.002" /><testcase classname="tests.test_seo_iter9.TestSitemapRootAlias" name="test_root_and_api_sitemap_match" time="0.003" /><testcase classname="tests.test_seo_iter9.TestSitemapRootAlias" name="test_api_sitemap_via_public_url" time="0.000"><skipped type="pytest.skip" message="no REACT_APP_BACKEND_URL">/app/backend/tests/test_seo_iter9.py:113: no REACT_APP_BACKEND_URL</skipped></testcase><testcase classname="tests.test_seo_iter9.TestIndexHtmlMetaDescription" name="test_exactly_one_meta_description" time="0.000" /><testcase classname="tests.test_seo_iter9.TestIndexHtmlMetaDescription" name="test_surviving_description_is_specific" time="0.000" /><testcase classname="tests.test_seo_iter9.TestPrerenderPublicRoutes" name="test_route_has_seo_essentials[/]" time="0.002" /><testcase classname="tests.test_seo_iter9.TestPrerenderPublicRoutes" name="test_route_has_seo_essentials[/solutions]" time="0.001" /><testcase classname="tests.test_seo_iter9.TestPrerenderPublicRoutes" name="test_route_has_seo_essentials[/solutions/business-apps]" time="0.001" /><testcase classname="tests.test_seo_iter9.TestPrerenderPublicRoutes" name="test_route_has_seo_essentials[/brands/roomz]" time="0.001" /><testcase classname="tests.test_seo_iter9.TestPrerenderPublicRoutes" name="test_route_has_seo_essentials[/blog]" time="0.002" /><testcase classname="tests.test_seo_iter9.TestPrerenderPublicRoutes" name="test_dynamic_blog_slug_has_seo" time="0.003" /><testcase classname="tests.test_seo_iter9.TestIter8Regression" name="test_prerender_routes_counts" time="0.001" /><testcase classname="tests.test_seo_iter9.TestIter8Regression" name="test_sitemap_min_urls" time="0.002" /><testcase classname="tests.test_seo_iter9.TestIter8Regression" name="test_brand_and_solution_seo[/brands/jabra]" time="0.001" /><testcase classname="tests.test_seo_iter9.TestIter8Regression" name="test_brand_and_solution_seo[/solutions/meeting-rooms]" time="0.001" /><testcase classname="tests.test_seo_iter9.TestPrerenderScriptBailBehaviour" name="test_unreachable_backend_exits_zero_default" time="0.106" /><testcase classname="tests.test_seo_iter9.TestPrerenderScriptBailBehaviour" name="test_unreachable_backend_strict_fails" time="0.076" /><testcase classname="tests.test_seo_prerender.TestRoutesIndex" name="test_routes_index_status" time="0.100" /><testcase classname="tests.test_seo_prerender.TestRoutesIndex" name="test_static_routes_include_required" time="0.000" /><testcase classname="tests.test_seo_prerender.TestRoutesIndex" name="test_dynamic_routes_non_empty" time="0.000" /><testcase classname="tests.test_seo_prerender.TestHome" name="test_home_render" time="0.139" /><testcase classname="tests.test_seo_prerender.TestSolutions" name="test_solutions" time="0.136" /><testcase classname="tests.test_seo_prerender.TestBusinessApps" name="test_business_apps" time="0.154" /><testcase classname="tests.test_seo_prerender.TestRoomz" name="test_roomz" time="0.112" /><testcase classname="tests.test_seo_prerender.TestBlog" name="test_blog_index" time="0.125" /><testcase classname="tests.test_seo_prerender.TestBlog" name="test_blog_post" time="0.116" /><testcase classname="tests.test_seo_prerender.TestNotFound" name="test_unknown_route" time="0.132" /><testcase classname="tests.test_seo_prerender.TestNotFound" name="test_unknown_blog_slug" time="0.122" /><testcase classname="tests.test_seo_prerender_iter6" name="test_og_image_absolute_and_correct[/-/HeroImage.png]" time="0.112" /><testcase classname="tests.test_seo_prerender_iter6" name="test_og_image_absolute_and_correct[/solutions-/EnterpriseHeadsets.png]" time="0.105" /><testcase classname="tests.test_seo_prerender_iter6" name="test_og_image_absolute_and_correct[/solutions/business-apps-/business-apps-ai-hero.png]" time="0.135" /><testcase classname="tests.test_seo_prerender_iter6" name="test_og_image_absolute_and_correct[/brands/roomz-/hero-images/BrandHeroImages/ROOMZ2.jpg]" time="0.096" /><testcase classname="tests.test_seo_prerender_iter6" name="test_home_og_image_alt_contains_title" time="0.151" /><testcase classname="tests.test_seo_prerender_iter6" name="test_blog_index_og_image_absolute" time="0.132" /><testcase classname="tests.test_seo_prerender_iter6" name="test_blog_post_og_image_and_jsonld_image" time="0.285" /><testcase classname="tests.test_seo_prerender_iter6" name="test_unknown_path_returns_404" time="0.096" /><testcase classname="tests.test_seo_prerender_iter6" name="test_static_file_exists[f0]" time="0.000" /><testcase classname="tests.test_seo_prerender_iter6" name="test_static_file_exists[f1]" time="0.000" /><testcase classname="tests.test_seo_prerender_iter6" name="test_static_file_exists[f2]" time="0.000" /><testcase classname="tests.test_seo_prerender_iter6" name="test_static_file_exists[f3]" time="0.000" /><testcase classname="tests.test_seo_prerender_iter6" name="test_static_file_exists[f4]" time="0.000" /><testcase classname="tests.test_seo_prerender_iter6" name="test_static_file_has_react_bundle[f0]" time="0.000" /><testcase classname="tests.test_seo_prerender_iter6" name="test_static_file_has_react_bundle[f1]" time="0.000" /><testcase classname="tests.test_seo_prerender_iter6" name="test_static_file_has_react_bundle[f2]" time="0.000" /><testcase classname="tests.test_seo_prerender_iter6" name="test_static_file_has_react_bundle[f3]" time="0.000" /><testcase classname="tests.test_seo_prerender_iter6" name="test_static_file_has_react_bundle[f4]" time="0.000" /><testcase classname="tests.test_seo_prerender_iter6" name="test_static_file_has_route_title[f0]" time="0.000" /><testcase classname="tests.test_seo_prerender_iter6" name="test_static_file_has_route_title[f1]" time="0.000" /><testcase classname="tests.test_seo_prerender_iter6" name="test_static_file_has_route_title[f2]" time="0.000" /><testcase classname="tests.test_seo_prerender_iter6" name="test_static_file_has_route_title[f3]" time="0.000" /><testcase classname="tests.test_seo_prerender_iter6" name="test_static_file_has_route_title[f4]" time="0.000" /><testcase classname="tests.test_seo_prerender_iter6" name="test_static_file_has_description[f0]" time="0.000" /><testcase classname="tests.test_seo_prerender_iter6" name="test_static_file_has_description[f1]" time="0.000" /><testcase classname="tests.test_seo_prerender_iter6" name="test_static_file_has_description[f2]" time="0.000" /><testcase classname="tests.test_seo_prerender_iter6" name="test_static_file_has_description[f3]" time="0.000" /><testcase classname="tests.test_seo_prerender_iter6" name="test_static_file_has_description[f4]" time="0.000" /><testcase classname="tests.test_seo_prerender_iter6" name="test_static_file_has_canonical[f0]" time="0.000" /><testcase classname="tests.test_seo_prerender_iter6" name="test_static_file_has_canonical[f1]" time="0.000" /><testcase classname="tests.test_seo_prerender_iter6" name="test_static_file_has_canonical[f2]" time="0.000" /><testcase classname="tests.test_seo_prerender_iter6" name="test_static_file_has_canonical[f3]" time="0.000" /><testcase classname="tests.test_seo_prerender_iter6" name="test_static_file_has_canonical[f4]" time="0.000" /><testcase classname="tests.test_seo_prerender_iter6" name="test_static_file_has_jsonld[f0]" time="0.000" /><testcase classname="tests.test_seo_prerender_iter6" name="test_static_file_has_jsonld[f1]" time="0.000" /><testcase classname="tests.test_seo_prerender_iter6" name="test_static_file_has_jsonld[f2]" time="0.000" /><testcase classname="tests.test_seo_prerender_iter6" name="test_static_file_has_jsonld[f3]" time="0.000" /><testcase classname="tests.test_seo_prerender_iter6" name="test_static_file_has_jsonld[f4]" time="0.000" /><testcase classname="tests.test_seo_prerender_iter6" name="test_static_file_has_seo_main[f0]" time="0.000" /><testcase classname="tests.test_seo_prerender_iter6" name="test_static_file_has_seo_main[f1]" time="0.000" /><testcase classname="tests.test_seo_prerender_iter6" name="test_static_file_has_seo_main[f2]" time="0.000" /><testcase classname="tests.test_seo_prerender_iter6" name="test_static_file_has_seo_main[f3]" time="0.000" /><testcase classname="tests.test_seo_prerender_iter6" name="test_static_file_has_seo_main[f4]" time="0.000" /><testcase classname="tests.test_seo_prerender_iter6" name="test_at_least_one_blog_slug_file_exists" time="0.000" /><testcase classname="tests.test_seo_prerender_iter6" name="test_titles_differ_across_routes" time="0.000" /><testcase classname="tests.test_seo_prerender_iter6" name="test_specific_title_keywords" time="0.000" /><testcase classname="tests.test_seo_prerender_iter6" name="test_home_and_roomz_og_image_differ" time="0.000" /><testcase classname="tests.test_seo_prerender_iter7" name="test_prereq_backend_url_available" time="0.000" /><testcase classname="tests.test_seo_prerender_iter7" name="test_prereq_build_dir_present" time="0.000" /><testcase classname="tests.test_seo_prerender_iter7.TestIdempotency" name="test_md5_index_html_stable" time="0.831" /><testcase classname="tests.test_seo_prerender_iter7.TestIdempotency" name="test_md5_business_apps_stable" time="0.000" /><testcase classname="tests.test_seo_prerender_iter7.TestIdempotency" name="test_md5_all_targets_stable" time="0.000" /><testcase classname="tests.test_seo_prerender_iter7.TestIdempotency" name="test_uses_existing_snapshot_message" time="0.000" /><testcase classname="tests.test_seo_prerender_iter7.TestDuplicateDetection" name="test_jsonld_count_exactly_two" time="0.000" /><testcase classname="tests.test_seo_prerender_iter7.TestDuplicateDetection" name="test_seo_prerender_main_count_exactly_one" time="0.000" /><testcase classname="tests.test_seo_prerender_iter7.TestDuplicateDetection" name="test_main_seo_prerender_open_close_pair" time="0.000" /><testcase classname="tests.test_seo_prerender_iter7.TestShellSnapshot" name="test_snapshot_exists" time="0.000" /><testcase classname="tests.test_seo_prerender_iter7.TestShellSnapshot" name="test_snapshot_has_no_seo_prerender" time="0.000" /><testcase classname="tests.test_seo_prerender_iter7.TestShellSnapshot" name="test_snapshot_has_no_jsonld" time="0.000" /><testcase classname="tests.test_seo_prerender_iter7.TestShellSnapshot" name="test_snapshot_still_has_react_bundle" time="0.000" /><testcase classname="tests.test_seo_prerender_iter7.TestSafetyGuard" name="test_die_when_shell_missing_and_index_already_injected" time="0.184" /><testcase classname="tests.test_seo_prerender_iter7.TestRegression" name="test_api_prerender_business_apps_200" time="0.120" /><testcase classname="tests.test_seo_prerender_iter7.TestRegression" name="test_static_roomz_has_bundle_and_title" time="0.000" /><testcase classname="tests.test_seo_prerender_iter7.TestRegression" name="test_og_image_absolute_https" time="0.000" /><testcase classname="tests.test_seo_prerender_iter7.TestZFreshBuildPath" name="test_snapshot_created" time="17.376" /><testcase classname="tests.test_seo_prerender_iter7.TestZFreshBuildPath" name="test_snapshot_log_message_first_run" time="0.000" /><testcase classname="tests.test_seo_prerender_iter7.TestZFreshBuildPath" name="test_at_least_13_prerendered_files" time="0.001" /><testcase classname="tests.test_seo_prerender_iter7.TestZFreshBuildPath" name="test_business_apps_present_after_fresh_build" time="0.000" /><testcase classname="tests.test_seo_prerender_iter8.TestPrerenderRoutes" name="test_returns_15_static_routes" time="0.132" /><testcase classname="tests.test_seo_prerender_iter8.TestNewRoutesRendering" name="test_route_returns_200[/solutions/meeting-rooms]" time="0.175" /><testcase classname="tests.test_seo_prerender_iter8.TestNewRoutesRendering" name="test_route_returns_200[/solutions/headsets]" time="0.136" /><testcase classname="tests.test_seo_prerender_iter8.TestNewRoutesRendering" name="test_route_returns_200[/solutions/workspace-experience]" time="0.114" /><testcase classname="tests.test_seo_prerender_iter8.TestNewRoutesRendering" name="test_route_returns_200[/brands]" time="0.117" /><testcase classname="tests.test_seo_prerender_iter8.TestNewRoutesRendering" name="test_route_returns_200[/brands/morbit]" time="0.114" /><testcase classname="tests.test_seo_prerender_iter8.TestNewRoutesRendering" name="test_route_returns_200[/brands/jabra]" time="0.150" /><testcase classname="tests.test_seo_prerender_iter8.TestNewRoutesRendering" name="test_route_returns_200[/brands/poly]" time="0.128" /><testcase classname="tests.test_seo_prerender_iter8.TestNewRoutesRendering" name="test_route_returns_200[/brands/neat]" time="0.133" /><testcase classname="tests.test_seo_prerender_iter8.TestNewRoutesRendering" name="test_route_returns_200[/brands/yealink]" time="0.115" /><testcase classname="tests.test_seo_prerender_iter8.TestNewRoutesRendering" name="test_route_returns_200[/brands/logitech]" time="0.108" /><testcase classname="tests.test_seo_prerender_iter8.TestNewRoutesRendering" name="test_route_title_contains_keyword[/solutions/meeting-rooms-keywords0]" time="0.111" /><testcase classname="tests.test_seo_prerender_iter8.TestNewRoutesRendering" name="test_route_title_contains_keyword[/solutions/headsets-keywords1]" time="0.128" /><testcase classname="tests.test_seo_prerender_iter8.TestNewRoutesRendering" name="test_route_title_contains_keyword[/solutions/workspace-experience-keywords2]" time="0.110" /><testcase classname="tests.test_seo_prerender_iter8.TestNewRoutesRendering" name="test_route_title_contains_keyword[/brands-keywords3]" time="0.100" /><testcase classname="tests.test_seo_prerender_iter8.TestNewRoutesRendering" name="test_route_title_contains_keyword[/brands/morbit-keywords4]" time="0.093" /><testcase classname="tests.test_seo_prerender_iter8.TestNewRoutesRendering" name="test_route_title_contains_keyword[/brands/jabra-keywords5]" time="0.121" /><testcase classname="tests.test_seo_prerender_iter8.TestNewRoutesRendering" name="test_route_title_contains_keyword[/brands/poly-keywords6]" time="0.125" /><testcase classname="tests.test_seo_prerender_iter8.TestNewRoutesRendering" name="test_route_title_contains_keyword[/brands/neat-keywords7]" time="0.110" /><testcase classname="tests.test_seo_prerender_iter8.TestNewRoutesRendering" name="test_route_title_contains_keyword[/brands/yealink-keywords8]" time="0.112" /><testcase classname="tests.test_seo_prerender_iter8.TestNewRoutesRendering" name="test_route_title_contains_keyword[/brands/logitech-keywords9]" time="0.141" /><testcase classname="tests.test_seo_prerender_iter8.TestNewRoutesRendering" name="test_route_description_long_enough[/solutions/meeting-rooms]" time="0.137" /><testcase classname="tests.test_seo_prerender_iter8.TestNewRoutesRendering" name="test_route_description_long_enough[/solutions/headsets]" time="0.109" /><testcase classname="tests.test_seo_prerender_iter8.TestNewRoutesRendering" name="test_route_description_long_enough[/solutions/workspace-experience]" time="0.113" /><testcase classname="tests.test_seo_prerender_iter8.TestNewRoutesRendering" name="test_route_description_long_enough[/brands]" time="0.112" /><testcase classname="tests.test_seo_prerender_iter8.TestNewRoutesRendering" name="test_route_description_long_enough[/brands/morbit]" time="0.129" /><testcase classname="tests.test_seo_prerender_iter8.TestNewRoutesRendering" name="test_route_description_long_enough[/brands/jabra]" time="0.118" /><testcase classname="tests.test_seo_prerender_iter8.TestNewRoutesRendering" name="test_route_description_long_enough[/brands/poly]" time="0.099" /><testcase classname="tests.test_seo_prerender_iter8.TestNewRoutesRendering" name="test_route_description_long_enough[/brands/neat]" time="0.140" /><testcase classname="tests.test_seo_prerender_iter8.TestNewRoutesRendering" name="test_route_description_long_enough[/brands/yealink]" time="0.133" /><testcase classname="tests.test_seo_prerender_iter8.TestNewRoutesRendering" name="test_route_description_long_enough[/brands/logitech]" time="0.113" /><testcase classname="tests.test_seo_prerender_iter8.TestNewRoutesRendering" name="test_route_canonical_matches[/solutions/meeting-rooms]" time="0.116" /><testcase classname="tests.test_seo_prerender_iter8.TestNewRoutesRendering" name="test_route_canonical_matches[/solutions/headsets]" time="0.107" /><testcase classname="tests.test_seo_prerender_iter8.TestNewRoutesRendering" name="test_route_canonical_matches[/solutions/workspace-experience]" time="0.115" /><testcase classname="tests.test_seo_prerender_iter8.TestNewRoutesRendering" name="test_route_canonical_matches[/brands]" time="0.111" /><testcase classname="tests.test_seo_prerender_iter8.TestNewRoutesRendering" name="test_route_canonical_matches[/brands/morbit]" time="0.140" /><testcase classname="tests.test_seo_prerender_iter8.TestNewRoutesRendering" name="test_route_canonical_matches[/brands/jabra]" time="0.128" /><testcase classname="tests.test_seo_prerender_iter8.TestNewRoutesRendering" name="test_route_canonical_matches[/brands/poly]" time="0.165" /><testcase classname="tests.test_seo_prerender_iter8.TestNewRoutesRendering" name="test_route_canonical_matches[/brands/neat]" time="0.157" /><testcase classname="tests.test_seo_prerender_iter8.TestNewRoutesRendering" name="test_route_canonical_matches[/brands/yealink]" time="0.133" /><testcase classname="tests.test_seo_prerender_iter8.TestNewRoutesRendering" name="test_route_canonical_matches[/brands/logitech]" time="0.098" /><testcase classname="tests.test_seo_prerender_iter8.TestNewRoutesRendering" name="test_route_og_image_absolute_https[/solutions/meeting-rooms]" time="0.155" /><testcase classname="tests.test_seo_prerender_iter8.TestNewRoutesRendering" name="test_route_og_image_absolute_https[/solutions/headsets]" time="0.097" /><testcase classname="tests.test_seo_prerender_iter8.TestNewRoutesRendering" name="test_route_og_image_absolute_https[/solutions/workspace-experience]" time="0.139" /><testcase classname="tests.test_seo_prerender_iter8.TestNewRoutesRendering" name="test_route_og_image_absolute_https[/brands]" time="0.119" /><testcase classname="tests.test_seo_prerender_iter8.TestNewRoutesRendering" name="test_route_og_image_absolute_https[/brands/morbit]" time="0.121" /><testcase classname="tests.test_seo_prerender_iter8.TestNewRoutesRendering" name="test_route_og_image_absolute_https[/brands/jabra]" time="0.110" /><testcase classname="tests.test_seo_prerender_iter8.TestNewRoutesRendering" name="test_route_og_image_absolute_https[/brands/poly]" time="0.098" /><testcase classname="tests.test_seo_prerender_iter8.TestNewRoutesRendering" name="test_route_og_image_absolute_https[/brands/neat]" time="0.147" /><testcase classname="tests.test_seo_prerender_iter8.TestNewRoutesRendering" name="test_route_og_image_absolute_https[/brands/yealink]" time="0.127" /><testcase classname="tests.test_seo_prerender_iter8.TestNewRoutesRendering" name="test_route_og_image_absolute_https[/brands/logitech]" time="0.119" /><testcase classname="tests.test_seo_prerender_iter8.TestNewRoutesRendering" name="test_route_has_jsonld[/solutions/meeting-rooms]" time="0.109" /><testcase classname="tests.test_seo_prerender_iter8.TestNewRoutesRendering" name="test_route_has_jsonld[/solutions/headsets]" time="0.109" /><testcase classname="tests.test_seo_prerender_iter8.TestNewRoutesRendering" name="test_route_has_jsonld[/solutions/workspace-experience]" time="0.113" /><testcase classname="tests.test_seo_prerender_iter8.TestNewRoutesRendering" name="test_route_has_jsonld[/brands]" time="0.136" /><testcase classname="tests.test_seo_prerender_iter8.TestNewRoutesRendering" name="test_route_has_jsonld[/brands/morbit]" time="0.116" /><testcase classname="tests.test_seo_prerender_iter8.TestNewRoutesRendering" name="test_route_has_jsonld[/brands/jabra]" time="0.113" /><testcase classname="tests.test_seo_prerender_iter8.TestNewRoutesRendering" name="test_route_has_jsonld[/brands/poly]" time="0.111" /><testcase classname="tests.test_seo_prerender_iter8.TestNewRoutesRendering" name="test_route_has_jsonld[/brands/neat]" time="0.162" /><testcase classname="tests.test_seo_prerender_iter8.TestNewRoutesRendering" name="test_route_has_jsonld[/brands/yealink]" time="0.121" /><testcase classname="tests.test_seo_prerender_iter8.TestNewRoutesRendering" name="test_route_has_jsonld[/brands/logitech]" time="0.116" /><testcase classname="tests.test_seo_prerender_iter8.TestNewRoutesRendering" name="test_route_has_main_prerender_h1[/solutions/meeting-rooms]" time="0.144" /><testcase classname="tests.test_seo_prerender_iter8.TestNewRoutesRendering" name="test_route_has_main_prerender_h1[/solutions/headsets]" time="0.112" /><testcase classname="tests.test_seo_prerender_iter8.TestNewRoutesRendering" name="test_route_has_main_prerender_h1[/solutions/workspace-experience]" time="0.120" /><testcase classname="tests.test_seo_prerender_iter8.TestNewRoutesRendering" name="test_route_has_main_prerender_h1[/brands]" time="0.141" /><testcase classname="tests.test_seo_prerender_iter8.TestNewRoutesRendering" name="test_route_has_main_prerender_h1[/brands/morbit]" time="0.128" /><testcase classname="tests.test_seo_prerender_iter8.TestNewRoutesRendering" name="test_route_has_main_prerender_h1[/brands/jabra]" time="0.105" /><testcase classname="tests.test_seo_prerender_iter8.TestNewRoutesRendering" name="test_route_has_main_prerender_h1[/brands/poly]" time="0.109" /><testcase classname="tests.test_seo_prerender_iter8.TestNewRoutesRendering" name="test_route_has_main_prerender_h1[/brands/neat]" time="0.111" /><testcase classname="tests.test_seo_prerender_iter8.TestNewRoutesRendering" name="test_route_has_main_prerender_h1[/brands/yealink]" time="0.111" /><testcase classname="tests.test_seo_prerender_iter8.TestNewRoutesRendering" name="test_route_has_main_prerender_h1[/brands/logitech]" time="0.095" /><testcase classname="tests.test_seo_prerender_iter8.TestJsonLdSchemas" name="test_brands_hub_collectionpage_with_haspart" time="0.118" /><testcase classname="tests.test_seo_prerender_iter8.TestJsonLdSchemas" name="test_brand_page_brand_and_breadcrumb[morbit]" time="0.113" /><testcase classname="tests.test_seo_prerender_iter8.TestJsonLdSchemas" name="test_brand_page_brand_and_breadcrumb[jabra]" time="0.116" /><testcase classname="tests.test_seo_prerender_iter8.TestJsonLdSchemas" name="test_brand_page_brand_and_breadcrumb[poly]" time="0.115" /><testcase classname="tests.test_seo_prerender_iter8.TestJsonLdSchemas" name="test_brand_page_brand_and_breadcrumb[neat]" time="0.145" /><testcase classname="tests.test_seo_prerender_iter8.TestJsonLdSchemas" name="test_brand_page_brand_and_breadcrumb[yealink]" time="0.110" /><testcase classname="tests.test_seo_prerender_iter8.TestJsonLdSchemas" name="test_brand_page_brand_and_breadcrumb[logitech]" time="0.110" /><testcase classname="tests.test_seo_prerender_iter8.TestJsonLdSchemas" name="test_solution_page_service_and_breadcrumb[/solutions/meeting-rooms]" time="0.129" /><testcase classname="tests.test_seo_prerender_iter8.TestJsonLdSchemas" name="test_solution_page_service_and_breadcrumb[/solutions/headsets]" time="0.125" /><testcase classname="tests.test_seo_prerender_iter8.TestJsonLdSchemas" name="test_solution_page_service_and_breadcrumb[/solutions/workspace-experience]" time="0.122" /><testcase classname="tests.test_seo_prerender_iter8.TestBrandOgImages" name="test_jabra_og_image_points_to_logo" time="0.180" /><testcase classname="tests.test_seo_prerender_iter8.TestBrandOgImages" name="test_logitech_og_image_points_to_logo" time="0.116" /><testcase classname="tests.test_seo_prerender_iter8.TestBrandOgImages" name="test_brand_og_images_unique" time="0.933" /><testcase classname="tests.test_seo_prerender_iter8.TestSitemap" name="test_valid_xml_with_urlset" time="0.123" /><testcase classname="tests.test_seo_prerender_iter8.TestSitemap" name="test_all_new_static_urls_present" time="0.000" /><testcase classname="tests.test_seo_prerender_iter8.TestSitemap" name="test_extra_pages_present" time="0.000" /><testcase classname="tests.test_seo_prerender_iter8.TestSitemap" name="test_no_duplicate_locs" time="0.000" /><testcase classname="tests.test_seo_prerender_iter8.TestSitemap" name="test_total_url_count_reasonable" time="0.000" /><testcase classname="tests.test_seo_prerender_iter8.TestSitemap" name="test_blog_posts_included" time="0.000" /><testcase classname="tests.test_seo_prerender_iter8.TestRegression" name="test_brands_roomz_still_200" time="0.118" /><testcase classname="tests.test_seo_prerender_iter8.TestRegression" name="test_solutions_business_apps_still_200" time="0.113" /></testsuite></testsuites>